SHALL WE PLAY A GAME?
1 2 3	player x
4 5 6	computer o
7 8 9
> please enter 1-9
1 2 3	player x
4 5 6	computer o
7 8 9
> please enter 1-9
1 2 3	player x
4 5 6	computer o
7 8 9
> please enter 1-9
1 2 3	player x
4 5 6	computer o
7 8 9
> o 2 3	player x
4 x 6	computer o
7 8 9
> position occupied
o 2 3	player x
4 x 6	computer o
7 8 9
> o 2 o	player x
4 x 6	computer o
7 8 x
> position occupied
o 2 o	player x
4 x 6	computer o
7 8 x
> o o o	player x
4 x 6	computer o
x 8 x
> HOW ABOUT A NICE GAME OF CHESS? (computer wins)
